warning: Git tree '/home/meyer/nixos' is dirty
building the system configuration...
warning: Git tree '/home/meyer/nixos' is dirty
trace: warning: The option `services.xserver.desktopManager.plasma6.enable' defined in `/nix/store/djxj3cb93kq96lqpzhxna2r86z314ply-source/boxes/desktop/configuration.nix' has been renamed to `services.desktopManager.plasma6.enable'.
trace: warning: The option `services.xserver.displayManager.sddm.enable' defined in `/nix/store/djxj3cb93kq96lqpzhxna2r86z314ply-source/boxes/desktop/configuration.nix' has been renamed to `services.displayManager.sddm.enable'.
these 7 derivations will be built:
  /nix/store/w0glfg6ara5a0cjfxmxb3z6vr3j91g24-home-manager-path.drv
  /nix/store/qjvara02k03fz22r17wixc67zhxk96mn-activation-script.drv
  /nix/store/6xya8nlmh11wb3s8qk0l3yqd2ginyr62-home-manager-generation.drv
  /nix/store/cxw9g00rjfymvdmwgw1p7nf9l27ps09d-unit-home-manager-meyer.service.drv
  /nix/store/q959glfy958f8zv66yj4kimnl4m9f5ry-system-units.drv
  /nix/store/9k4q9qjid85zrrayvfdgl3g421dl8mzd-etc.drv
  /nix/store/8byxyw1k4042sliadjgnsa1imz32c5k2-nixos-system-nix-desktop-evo4b5-24.05.20240419.5c24cf2.drv
this path will be fetched (0.02 MiB download, 0.16 MiB unpacked):
  /nix/store/flbzigzb5140qp69wlx92bc4imz1da38-ksshaskpass-5.27.11
copying path '/nix/store/flbzigzb5140qp69wlx92bc4imz1da38-ksshaskpass-5.27.11' from 'https://cache.nixos.org'...
building '/nix/store/w0glfg6ara5a0cjfxmxb3z6vr3j91g24-home-manager-path.drv'...
building '/nix/store/qjvara02k03fz22r17wixc67zhxk96mn-activation-script.drv'...
building '/nix/store/6xya8nlmh11wb3s8qk0l3yqd2ginyr62-home-manager-generation.drv'...
building '/nix/store/cxw9g00rjfymvdmwgw1p7nf9l27ps09d-unit-home-manager-meyer.service.drv'...
building '/nix/store/q959glfy958f8zv66yj4kimnl4m9f5ry-system-units.drv'...
building '/nix/store/9k4q9qjid85zrrayvfdgl3g421dl8mzd-etc.drv'...
building '/nix/store/8byxyw1k4042sliadjgnsa1imz32c5k2-nixos-system-nix-desktop-evo4b5-24.05.20240419.5c24cf2.drv'...
updating GRUB 2 menu...
Warning: os-prober will be executed to detect other bootable partitions.
Its output will be used to detect bootable binaries on them and create new boot entries.
error: invalid volume.
grub-probe: error: cannot find a GRUB drive for /dev/sda1.  Check your device.map.
error: invalid volume.
grub-probe: error: cannot find a GRUB drive for /dev/sda2.  Check your device.map.
lsblk: /dev/mapper/no*[0-9]: not a block device
lsblk: /dev/mapper/raid*[0-9]: not a block device
lsblk: /dev/mapper/disks*[0-9]: not a block device
Found Windows Boot Manager on /dev/nvme0n1p2@/efi/Microsoft/Boot/bootmgfw.efi
activating the configuration...
setting up /etc...
reloading user units for meyer...
restarting sysinit-reactivation.target
restarting the following units: home-manager-meyer.service
